<?xml version="1.0" encoding="UTF-8"?>
<!-- Generated by org.testng.reporters.JUnitReportReporter -->
<testsuite hostname="LAPTOP-S4DS86EC" failures="0" tests="1" name="com.icbc.Imoocweb.CommonTest" time="4.293" errors="0" timestamp="2021-11-20T20:18:24 CST" skipped="0">
  <testcase classname="com.icbc.Imoocweb.CommonTest" name="InitDriver" time="4.293"/>
  <system-out/>
</testsuite> <!-- com.icbc.Imoocweb.CommonTest -->
