<?xml version="1.0" encoding="UTF-8"?>
<!-- Generated by org.testng.reporters.JUnitReportReporter -->
<testsuite hostname="LAPTOP-S4DS86EC" failures="0" tests="1" name="com.icbc.Imoocweb.HandleCookie" time="28.791" errors="0" timestamp="2021-11-21T14:13:41 CST" skipped="0">
  <testcase classname="com.icbc.Imoocweb.HandleCookie" name="test01" time="28.791"/>
  <system-out/>
</testsuite> <!-- com.icbc.Imoocweb.HandleCookie -->
