<?xml version="1.0" encoding="UTF-8"?>
<!-- Generated by org.testng.reporters.JUnitReportReporter -->
<testsuite hostname="LAPTOP-S4DS86EC" failures="0" tests="4" name="com.icbc.Imoocweb.Case.EducationCase" time="34.189" errors="0" timestamp="2021-12-13T21:09:53 CST" skipped="0">
  <testcase classname="com.icbc.Imoocweb.Case.EducationCase" name="OpenEducationCase" time="3.186"/>
  <system-out/>
  <testcase classname="com.icbc.Imoocweb.Case.EducationCase" name="AddEducationCase" time="17.280"/>
  <system-out/>
  <testcase classname="com.icbc.Imoocweb.Case.EducationCase" name="SearchEducation" time="3.270"/>
  <system-out/>
  <testcase classname="com.icbc.Imoocweb.Case.EducationCase" name="EditEducationCase" time="10.453"/>
  <system-out/>
</testsuite> <!-- com.icbc.Imoocweb.Case.EducationCase -->
