<?xml version="1.0" encoding="UTF-8"?>
<!-- Generated by org.testng.reporters.JUnitReportReporter -->
<testsuite hostname="LAPTOP-S4DS86EC" failures="0" tests="4" name="com.icbc.Imoocweb.Case.FoodCompanyMangeCase" time="31.413" errors="0" timestamp="2021-12-14T21:46:04 CST" skipped="0">
  <testcase classname="com.icbc.Imoocweb.Case.FoodCompanyMangeCase" name="OpenFoodCompanyPage" time="4.250"/>
  <system-out/>
  <testcase classname="com.icbc.Imoocweb.Case.FoodCompanyMangeCase" name="AddFoodCompany" time="11.549"/>
  <system-out/>
  <testcase classname="com.icbc.Imoocweb.Case.FoodCompanyMangeCase" name="SearchFoodCompany" time="4.295"/>
  <system-out/>
  <testcase classname="com.icbc.Imoocweb.Case.FoodCompanyMangeCase" name="EditFoodCompany" time="11.319"/>
  <system-out/>
</testsuite> <!-- com.icbc.Imoocweb.Case.FoodCompanyMangeCase -->
