<?xml version="1.0" encoding="UTF-8"?>
<!-- Generated by org.testng.reporters.JUnitReportReporter -->
<testsuite skipped="0" hostname="LAPTOP-S4DS86EC" name="com.icbc.Imoocweb.CommonTest" tests="1" failures="0" timestamp="2021-12-15T20:18:58 CST" time="6.054" errors="0">
  <testcase name="InitDriver" time="6.054" classname="com.icbc.Imoocweb.CommonTest"/>
  <system-out/>
</testsuite> <!-- com.icbc.Imoocweb.CommonTest -->
