<?xml version="1.0" encoding="UTF-8"?>
<!-- Generated by org.testng.reporters.JUnitReportReporter -->
<testsuite skipped="0" hostname="LAPTOP-S4DS86EC" name="com.icbc.Imoocweb.CommonTest" tests="1" failures="0" timestamp="2021-12-13T19:10:54 CST" time="7.639" errors="0">
  <testcase name="InitDriver" time="7.639" classname="com.icbc.Imoocweb.CommonTest"/>
  <system-out/>
</testsuite> <!-- com.icbc.Imoocweb.CommonTest -->
